TN:
SF:js\export.js
FN:3,(anonymous_0)
FN:10,(anonymous_1)
FN:12,(anonymous_2)
FN:17,(anonymous_3)
FN:18,(anonymous_4)
FN:25,(anonymous_5)
FN:32,(anonymous_6)
FN:40,(anonymous_7)
FN:46,(anonymous_8)
FN:55,(anonymous_9)
FN:97,(anonymous_10)
FN:157,(anonymous_11)
FN:174,(anonymous_12)
FN:176,(anonymous_13)
FN:197,(anonymous_14)
FN:199,(anonymous_15)
FN:255,(anonymous_16)
FN:277,(anonymous_17)
FN:313,(anonymous_18)
FN:345,(anonymous_19)
FN:359,(anonymous_20)
FN:373,(anonymous_21)
FN:378,(anonymous_22)
FN:385,(anonymous_23)
FN:412,(anonymous_24)
FN:419,(anonymous_25)
FN:419,(anonymous_26)
FN:426,(anonymous_27)
FN:440,(anonymous_28)
FN:445,(anonymous_29)
FN:453,(anonymous_30)
FN:481,(anonymous_31)
FN:494,(anonymous_32)
FN:513,(anonymous_33)
FN:517,(anonymous_34)
FN:524,(anonymous_35)
FN:549,(anonymous_36)
FN:562,(anonymous_37)
FN:620,(anonymous_38)
FN:640,(anonymous_39)
FN:683,(anonymous_40)
FN:711,(anonymous_41)
FN:727,(anonymous_42)
FN:728,(anonymous_43)
FN:731,(anonymous_44)
FN:739,(anonymous_45)
FN:747,(anonymous_46)
FN:754,(anonymous_47)
FN:766,(anonymous_48)
FN:782,(anonymous_49)
FN:793,(anonymous_50)
FN:804,(anonymous_51)
FNF:52
FNH:0
FNDA:0,(anonymous_0)
FNDA:0,(anonymous_1)
FNDA:0,(anonymous_2)
FNDA:0,(anonymous_3)
FNDA:0,(anonymous_4)
FNDA:0,(anonymous_5)
FNDA:0,(anonymous_6)
FNDA:0,(anonymous_7)
FNDA:0,(anonymous_8)
FNDA:0,(anonymous_9)
FNDA:0,(anonymous_10)
FNDA:0,(anonymous_11)
FNDA:0,(anonymous_12)
FNDA:0,(anonymous_13)
FNDA:0,(anonymous_14)
FNDA:0,(anonymous_15)
FNDA:0,(anonymous_16)
FNDA:0,(anonymous_17)
FNDA:0,(anonymous_18)
FNDA:0,(anonymous_19)
FNDA:0,(anonymous_20)
FNDA:0,(anonymous_21)
FNDA:0,(anonymous_22)
FNDA:0,(anonymous_23)
FNDA:0,(anonymous_24)
FNDA:0,(anonymous_25)
FNDA:0,(anonymous_26)
FNDA:0,(anonymous_27)
FNDA:0,(anonymous_28)
FNDA:0,(anonymous_29)
FNDA:0,(anonymous_30)
FNDA:0,(anonymous_31)
FNDA:0,(anonymous_32)
FNDA:0,(anonymous_33)
FNDA:0,(anonymous_34)
FNDA:0,(anonymous_35)
FNDA:0,(anonymous_36)
FNDA:0,(anonymous_37)
FNDA:0,(anonymous_38)
FNDA:0,(anonymous_39)
FNDA:0,(anonymous_40)
FNDA:0,(anonymous_41)
FNDA:0,(anonymous_42)
FNDA:0,(anonymous_43)
FNDA:0,(anonymous_44)
FNDA:0,(anonymous_45)
FNDA:0,(anonymous_46)
FNDA:0,(anonymous_47)
FNDA:0,(anonymous_48)
FNDA:0,(anonymous_49)
FNDA:0,(anonymous_50)
FNDA:0,(anonymous_51)
DA:4,0
DA:5,0
DA:6,0
DA:7,0
DA:12,0
DA:13,0
DA:17,0
DA:18,0
DA:19,0
DA:20,0
DA:25,0
DA:26,0
DA:27,0
DA:33,0
DA:34,0
DA:35,0
DA:37,0
DA:41,0
DA:42,0
DA:43,0
DA:47,0
DA:56,0
DA:58,0
DA:60,0
DA:61,0
DA:63,0
DA:65,0
DA:66,0
DA:68,0
DA:69,0
DA:71,0
DA:72,0
DA:74,0
DA:75,0
DA:77,0
DA:78,0
DA:80,0
DA:81,0
DA:83,0
DA:86,0
DA:87,0
DA:89,0
DA:90,0
DA:92,0
DA:99,0
DA:100,0
DA:102,0
DA:103,0
DA:106,0
DA:107,0
DA:109,0
DA:110,0
DA:111,0
DA:112,0
DA:113,0
DA:116,0
DA:117,0
DA:118,0
DA:119,0
DA:120,0
DA:123,0
DA:124,0
DA:125,0
DA:126,0
DA:127,0
DA:128,0
DA:129,0
DA:131,0
DA:136,0
DA:137,0
DA:138,0
DA:139,0
DA:144,0
DA:145,0
DA:150,0
DA:152,0
DA:153,0
DA:155,0
DA:156,0
DA:157,0
DA:159,0
DA:160,0
DA:162,0
DA:165,0
DA:166,0
DA:167,0
DA:168,0
DA:169,0
DA:171,0
DA:172,0
DA:173,0
DA:174,0
DA:175,0
DA:176,0
DA:177,0
DA:178,0
DA:179,0
DA:181,0
DA:182,0
DA:185,0
DA:188,0
DA:189,0
DA:190,0
DA:191,0
DA:192,0
DA:194,0
DA:195,0
DA:196,0
DA:197,0
DA:198,0
DA:199,0
DA:200,0
DA:201,0
DA:202,0
DA:204,0
DA:205,0
DA:207,0
DA:211,0
DA:212,0
DA:213,0
DA:214,0
DA:215,0
DA:216,0
DA:217,0
DA:219,0
DA:220,0
DA:221,0
DA:222,0
DA:223,0
DA:224,0
DA:226,0
DA:227,0
DA:228,0
DA:229,0
DA:230,0
DA:231,0
DA:232,0
DA:233,0
DA:238,0
DA:243,0
DA:244,0
DA:245,0
DA:246,0
DA:247,0
DA:248,0
DA:249,0
DA:251,0
DA:252,0
DA:253,0
DA:254,0
DA:255,0
DA:256,0
DA:257,0
DA:258,0
DA:260,0
DA:261,0
DA:266,0
DA:267,0
DA:268,0
DA:269,0
DA:270,0
DA:271,0
DA:272,0
DA:274,0
DA:275,0
DA:276,0
DA:277,0
DA:278,0
DA:279,0
DA:280,0
DA:282,0
DA:287,0
DA:292,0
DA:293,0
DA:294,0
DA:295,0
DA:296,0
DA:297,0
DA:302,0
DA:309,0
DA:314,0
DA:329,0
DA:330,0
DA:331,0
DA:334,0
DA:335,0
DA:336,0
DA:337,0
DA:340,0
DA:341,0
DA:344,0
DA:345,0
DA:348,0
DA:349,0
DA:351,0
DA:360,0
DA:361,0
DA:364,0
DA:367,0
DA:368,0
DA:369,0
DA:370,0
DA:371,0
DA:372,0
DA:373,0
DA:376,0
DA:377,0
DA:378,0
DA:379,0
DA:383,0
DA:384,0
DA:385,0
DA:386,0
DA:390,0
DA:391,0
DA:392,0
DA:393,0
DA:394,0
DA:395,0
DA:396,0
DA:397,0
DA:402,0
DA:403,0
DA:404,0
DA:405,0
DA:409,0
DA:410,0
DA:411,0
DA:412,0
DA:413,0
DA:418,0
DA:419,0
DA:422,0
DA:427,0
DA:428,0
DA:431,0
DA:432,0
DA:435,0
DA:436,0
DA:437,0
DA:438,0
DA:439,0
DA:440,0
DA:443,0
DA:444,0
DA:445,0
DA:446,0
DA:448,0
DA:451,0
DA:452,0
DA:453,0
DA:454,0
DA:458,0
DA:459,0
DA:460,0
DA:461,0
DA:462,0
DA:463,0
DA:464,0
DA:465,0
DA:467,0
DA:471,0
DA:472,0
DA:473,0
DA:474,0
DA:478,0
DA:479,0
DA:480,0
DA:481,0
DA:482,0
DA:484,0
DA:488,0
DA:490,0
DA:495,0
DA:496,0
DA:499,0
DA:502,0
DA:503,0
DA:507,0
DA:508,0
DA:509,0
DA:510,0
DA:511,0
DA:512,0
DA:513,0
DA:516,0
DA:517,0
DA:518,0
DA:520,0
DA:523,0
DA:524,0
DA:525,0
DA:529,0
DA:530,0
DA:531,0
DA:532,0
DA:533,0
DA:534,0
DA:535,0
DA:537,0
DA:541,0
DA:542,0
DA:543,0
DA:547,0
DA:548,0
DA:549,0
DA:550,0
DA:552,0
DA:556,0
DA:558,0
DA:564,0
DA:565,0
DA:568,0
DA:571,0
DA:572,0
DA:573,0
DA:574,0
DA:575,0
DA:576,0
DA:577,0
DA:578,0
DA:579,0
DA:580,0
DA:581,0
DA:583,0
DA:603,0
DA:604,0
DA:611,0
DA:620,0
DA:640,0
DA:655,0
DA:656,0
DA:664,0
DA:665,0
DA:676,0
DA:677,0
DA:683,0
DA:693,0
DA:700,0
DA:702,0
DA:703,0
DA:704,0
DA:711,0
DA:712,0
DA:713,0
DA:714,0
DA:715,0
DA:716,0
DA:717,0
DA:718,0
DA:719,0
DA:722,0
DA:728,0
DA:729,0
DA:730,0
DA:731,0
DA:732,0
DA:733,0
DA:734,0
DA:735,0
DA:736,0
DA:737,0
DA:739,0
DA:740,0
DA:741,0
DA:743,0
DA:748,0
DA:755,0
DA:756,0
DA:757,0
DA:758,0
DA:759,0
DA:760,0
DA:761,0
DA:762,0
DA:763,0
DA:767,0
DA:768,0
DA:770,0
DA:771,0
DA:772,0
DA:779,0
DA:781,0
DA:782,0
DA:783,0
DA:784,0
DA:785,0
DA:786,0
DA:787,0
DA:790,0
DA:794,0
DA:795,0
DA:797,0
DA:798,0
DA:799,0
DA:802,0
DA:803,0
DA:804,0
DA:805,0
DA:812,0
LF:400
LH:0
BRDA:26,0,0,0
BRDA:26,0,1,0
BRDA:56,1,0,0
BRDA:56,1,1,0
BRDA:63,2,0,0
BRDA:63,2,1,0
BRDA:63,2,2,0
BRDA:63,2,3,0
BRDA:63,2,4,0
BRDA:63,2,5,0
BRDA:63,2,6,0
BRDA:99,3,0,0
BRDA:99,3,1,0
BRDA:102,4,0,0
BRDA:102,4,1,0
BRDA:123,5,0,0
BRDA:123,5,1,0
BRDA:123,6,0,0
BRDA:123,6,1,0
BRDA:155,7,0,0
BRDA:155,7,1,0
BRDA:155,8,0,0
BRDA:155,8,1,0
BRDA:157,9,0,0
BRDA:157,9,1,0
BRDA:177,10,0,0
BRDA:177,10,1,0
BRDA:200,11,0,0
BRDA:200,11,1,0
BRDA:211,12,0,0
BRDA:211,12,1,0
BRDA:222,13,0,0
BRDA:222,13,1,0
BRDA:232,14,0,0
BRDA:232,14,1,0
BRDA:243,15,0,0
BRDA:243,15,1,0
BRDA:243,16,0,0
BRDA:243,16,1,0
BRDA:256,17,0,0
BRDA:256,17,1,0
BRDA:266,18,0,0
BRDA:266,18,1,0
BRDA:266,19,0,0
BRDA:266,19,1,0
BRDA:266,19,2,0
BRDA:278,20,0,0
BRDA:278,20,1,0
BRDA:329,21,0,0
BRDA:329,21,1,0
BRDA:334,22,0,0
BRDA:334,22,1,0
BRDA:337,23,0,0
BRDA:337,23,1,0
BRDA:340,24,0,0
BRDA:340,24,1,0
BRDA:344,25,0,0
BRDA:344,25,1,0
BRDA:372,26,0,0
BRDA:372,26,1,0
BRDA:373,27,0,0
BRDA:373,27,1,0
BRDA:390,28,0,0
BRDA:390,28,1,0
BRDA:396,29,0,0
BRDA:396,29,1,0
BRDA:402,30,0,0
BRDA:402,30,1,0
BRDA:402,31,0,0
BRDA:402,31,1,0
BRDA:409,32,0,0
BRDA:409,32,1,0
BRDA:409,33,0,0
BRDA:409,33,1,0
BRDA:409,33,2,0
BRDA:439,34,0,0
BRDA:439,34,1,0
BRDA:440,35,0,0
BRDA:440,35,1,0
BRDA:458,36,0,0
BRDA:458,36,1,0
BRDA:464,37,0,0
BRDA:464,37,1,0
BRDA:471,38,0,0
BRDA:471,38,1,0
BRDA:471,39,0,0
BRDA:471,39,1,0
BRDA:478,40,0,0
BRDA:478,40,1,0
BRDA:478,41,0,0
BRDA:478,41,1,0
BRDA:478,41,2,0
BRDA:502,42,0,0
BRDA:502,42,1,0
BRDA:502,43,0,0
BRDA:502,43,1,0
BRDA:512,44,0,0
BRDA:512,44,1,0
BRDA:513,45,0,0
BRDA:513,45,1,0
BRDA:529,46,0,0
BRDA:529,46,1,0
BRDA:534,47,0,0
BRDA:534,47,1,0
BRDA:541,48,0,0
BRDA:541,48,1,0
BRDA:541,49,0,0
BRDA:541,49,1,0
BRDA:547,50,0,0
BRDA:547,50,1,0
BRDA:547,51,0,0
BRDA:547,51,1,0
BRDA:547,51,2,0
BRDA:564,52,0,0
BRDA:564,52,1,0
BRDA:603,53,0,0
BRDA:603,53,1,0
BRDA:603,54,0,0
BRDA:603,54,1,0
BRDA:655,55,0,0
BRDA:655,55,1,0
BRDA:655,56,0,0
BRDA:655,56,1,0
BRDA:664,57,0,0
BRDA:664,57,1,0
BRDA:671,58,0,0
BRDA:671,58,1,0
BRDA:676,59,0,0
BRDA:676,59,1,0
BRDA:676,60,0,0
BRDA:676,60,1,0
BRDA:676,60,2,0
BRDA:768,61,0,0
BRDA:768,61,1,0
BRDA:774,62,0,0
BRDA:774,62,1,0
BRDA:784,63,0,0
BRDA:784,63,1,0
BRDA:786,64,0,0
BRDA:786,64,1,0
BRDA:794,65,0,0
BRDA:794,65,1,0
BRDA:798,66,0,0
BRDA:798,66,1,0
BRDA:803,67,0,0
BRDA:803,67,1,0
BRF:146
BRH:0
end_of_record
TN:
SF:js\rating.js
FN:4,(anonymous_0)
FN:36,(anonymous_1)
FN:42,(anonymous_2)
FN:49,(anonymous_3)
FN:64,(anonymous_4)
FN:65,(anonymous_5)
FN:66,(anonymous_6)
FN:67,(anonymous_7)
FN:69,(anonymous_8)
FN:70,(anonymous_9)
FN:72,(anonymous_10)
FN:73,(anonymous_11)
FN:93,(anonymous_12)
FN:95,(anonymous_13)
FN:96,(anonymous_14)
FN:110,(anonymous_15)
FN:115,(anonymous_16)
FN:118,(anonymous_17)
FN:123,(anonymous_18)
FNF:19
FNH:0
FNDA:0,(anonymous_0)
FNDA:0,(anonymous_1)
FNDA:0,(anonymous_2)
FNDA:0,(anonymous_3)
FNDA:0,(anonymous_4)
FNDA:0,(anonymous_5)
FNDA:0,(anonymous_6)
FNDA:0,(anonymous_7)
FNDA:0,(anonymous_8)
FNDA:0,(anonymous_9)
FNDA:0,(anonymous_10)
FNDA:0,(anonymous_11)
FNDA:0,(anonymous_12)
FNDA:0,(anonymous_13)
FNDA:0,(anonymous_14)
FNDA:0,(anonymous_15)
FNDA:0,(anonymous_16)
FNDA:0,(anonymous_17)
FNDA:0,(anonymous_18)
DA:5,0
DA:8,0
DA:9,0
DA:12,0
DA:13,0
DA:17,0
DA:20,0
DA:21,0
DA:24,0
DA:25,0
DA:27,0
DA:28,0
DA:32,0
DA:38,0
DA:43,0
DA:44,0
DA:45,0
DA:50,0
DA:51,0
DA:64,0
DA:65,0
DA:66,0
DA:67,0
DA:69,0
DA:70,0
DA:72,0
DA:73,0
DA:74,0
DA:76,0
DA:79,0
DA:94,0
DA:95,0
DA:98,0
DA:99,0
DA:102,0
DA:103,0
DA:104,0
DA:111,0
DA:112,0
DA:114,0
DA:116,0
DA:118,0
DA:124,0
DA:125,0
DA:127,0
DA:128,0
DA:129,0
DA:130,0
DA:133,0
DA:134,0
DA:137,0
DA:138,0
DA:139,0
DA:141,0
DA:145,0
DA:146,0
DA:149,0
DA:154,0
LF:58
LH:0
BRDA:12,0,0,0
BRDA:12,0,1,0
BRDA:20,1,0,0
BRDA:20,1,1,0
BRDA:24,2,0,0
BRDA:24,2,1,0
BRDA:50,3,0,0
BRDA:50,3,1,0
BRDA:74,4,0,0
BRDA:74,4,1,0
BRDA:93,5,0,0
BRDA:98,6,0,0
BRDA:98,6,1,0
BRDA:102,7,0,0
BRDA:102,7,1,0
BRDA:103,8,0,0
BRDA:103,8,1,0
BRDA:110,9,0,0
BRDA:116,10,0,0
BRDA:116,10,1,0
BRDA:123,11,0,0
BRDA:127,12,0,0
BRDA:127,12,1,0
BRDA:129,13,0,0
BRDA:129,13,1,0
BRDA:133,14,0,0
BRDA:133,14,1,0
BRDA:137,15,0,0
BRDA:137,15,1,0
BRDA:139,16,0,0
BRDA:139,16,1,0
BRDA:145,17,0,0
BRDA:145,17,1,0
BRF:33
BRH:0
end_of_record
TN:
SF:js\recipes.js
FN:3,(anonymous_0)
FN:86,(anonymous_1)
FN:89,(anonymous_2)
FN:97,(anonymous_3)
FN:106,(anonymous_4)
FN:107,(anonymous_5)
FN:110,(anonymous_6)
FN:132,(anonymous_7)
FN:133,(anonymous_8)
FN:147,(anonymous_9)
FN:149,(anonymous_10)
FN:156,(anonymous_11)
FN:157,(anonymous_12)
FN:170,(anonymous_13)
FN:172,(anonymous_14)
FN:191,(anonymous_15)
FN:192,(anonymous_16)
FN:204,(anonymous_17)
FN:205,(anonymous_18)
FN:208,(anonymous_19)
FN:217,(anonymous_20)
FN:237,(anonymous_21)
FN:240,(anonymous_22)
FN:241,(anonymous_23)
FN:242,(anonymous_24)
FN:243,(anonymous_25)
FN:244,(anonymous_26)
FN:245,(anonymous_27)
FN:258,(anonymous_28)
FN:269,(anonymous_29)
FN:297,(anonymous_30)
FN:300,(anonymous_31)
FN:305,(anonymous_32)
FN:306,(anonymous_33)
FN:313,(anonymous_34)
FN:316,(anonymous_35)
FN:320,(anonymous_36)
FN:321,(anonymous_37)
FN:328,(anonymous_38)
FN:346,(anonymous_39)
FN:347,(anonymous_40)
FN:352,(anonymous_41)
FN:359,(anonymous_42)
FN:365,(anonymous_43)
FN:366,(anonymous_44)
FN:371,(anonymous_45)
FN:378,(anonymous_46)
FN:380,(anonymous_47)
FN:383,(anonymous_48)
FN:387,(anonymous_49)
FN:389,(anonymous_50)
FN:392,(anonymous_51)
FN:396,(anonymous_52)
FN:408,(anonymous_53)
FN:409,(anonymous_54)
FN:430,(anonymous_55)
FN:456,(anonymous_56)
FN:460,(anonymous_57)
FN:463,(anonymous_58)
FN:474,(anonymous_59)
FNF:60
FNH:0
FNDA:0,(anonymous_0)
FNDA:0,(anonymous_1)
FNDA:0,(anonymous_2)
FNDA:0,(anonymous_3)
FNDA:0,(anonymous_4)
FNDA:0,(anonymous_5)
FNDA:0,(anonymous_6)
FNDA:0,(anonymous_7)
FNDA:0,(anonymous_8)
FNDA:0,(anonymous_9)
FNDA:0,(anonymous_10)
FNDA:0,(anonymous_11)
FNDA:0,(anonymous_12)
FNDA:0,(anonymous_13)
FNDA:0,(anonymous_14)
FNDA:0,(anonymous_15)
FNDA:0,(anonymous_16)
FNDA:0,(anonymous_17)
FNDA:0,(anonymous_18)
FNDA:0,(anonymous_19)
FNDA:0,(anonymous_20)
FNDA:0,(anonymous_21)
FNDA:0,(anonymous_22)
FNDA:0,(anonymous_23)
FNDA:0,(anonymous_24)
FNDA:0,(anonymous_25)
FNDA:0,(anonymous_26)
FNDA:0,(anonymous_27)
FNDA:0,(anonymous_28)
FNDA:0,(anonymous_29)
FNDA:0,(anonymous_30)
FNDA:0,(anonymous_31)
FNDA:0,(anonymous_32)
FNDA:0,(anonymous_33)
FNDA:0,(anonymous_34)
FNDA:0,(anonymous_35)
FNDA:0,(anonymous_36)
FNDA:0,(anonymous_37)
FNDA:0,(anonymous_38)
FNDA:0,(anonymous_39)
FNDA:0,(anonymous_40)
FNDA:0,(anonymous_41)
FNDA:0,(anonymous_42)
FNDA:0,(anonymous_43)
FNDA:0,(anonymous_44)
FNDA:0,(anonymous_45)
FNDA:0,(anonymous_46)
FNDA:0,(anonymous_47)
FNDA:0,(anonymous_48)
FNDA:0,(anonymous_49)
FNDA:0,(anonymous_50)
FNDA:0,(anonymous_51)
FNDA:0,(anonymous_52)
FNDA:0,(anonymous_53)
FNDA:0,(anonymous_54)
FNDA:0,(anonymous_55)
FNDA:0,(anonymous_56)
FNDA:0,(anonymous_57)
FNDA:0,(anonymous_58)
FNDA:0,(anonymous_59)
DA:4,0
DA:5,0
DA:6,0
DA:7,0
DA:8,0
DA:9,0
DA:10,0
DA:22,0
DA:87,0
DA:88,0
DA:89,0
DA:90,0
DA:91,0
DA:92,0
DA:94,0
DA:97,0
DA:98,0
DA:99,0
DA:100,0
DA:103,0
DA:107,0
DA:111,0
DA:112,0
DA:121,0
DA:122,0
DA:123,0
DA:124,0
DA:126,0
DA:127,0
DA:128,0
DA:129,0
DA:133,0
DA:134,0
DA:135,0
DA:136,0
DA:137,0
DA:138,0
DA:140,0
DA:142,0
DA:143,0
DA:144,0
DA:148,0
DA:149,0
DA:150,0
DA:151,0
DA:152,0
DA:157,0
DA:158,0
DA:159,0
DA:160,0
DA:161,0
DA:162,0
DA:164,0
DA:166,0
DA:167,0
DA:171,0
DA:172,0
DA:173,0
DA:174,0
DA:180,0
DA:181,0
DA:182,0
DA:184,0
DA:186,0
DA:187,0
DA:188,0
DA:192,0
DA:193,0
DA:194,0
DA:195,0
DA:196,0
DA:198,0
DA:200,0
DA:201,0
DA:205,0
DA:207,0
DA:208,0
DA:210,0
DA:211,0
DA:213,0
DA:218,0
DA:219,0
DA:220,0
DA:223,0
DA:225,0
DA:227,0
DA:228,0
DA:229,0
DA:233,0
DA:234,0
DA:237,0
DA:238,0
DA:240,0
DA:241,0
DA:242,0
DA:243,0
DA:244,0
DA:245,0
DA:247,0
DA:251,0
DA:252,0
DA:256,0
DA:257,0
DA:258,0
DA:259,0
DA:270,0
DA:271,0
DA:272,0
DA:273,0
DA:275,0
DA:276,0
DA:277,0
DA:278,0
DA:279,0
DA:280,0
DA:281,0
DA:282,0
DA:284,0
DA:285,0
DA:287,0
DA:288,0
DA:289,0
DA:290,0
DA:291,0
DA:293,0
DA:294,0
DA:298,0
DA:299,0
DA:300,0
DA:301,0
DA:305,0
DA:306,0
DA:309,0
DA:314,0
DA:315,0
DA:316,0
DA:317,0
DA:320,0
DA:321,0
DA:324,0
DA:329,0
DA:330,0
DA:331,0
DA:334,0
DA:335,0
DA:336,0
DA:337,0
DA:338,0
DA:340,0
DA:341,0
DA:342,0
DA:347,0
DA:348,0
DA:349,0
DA:353,0
DA:354,0
DA:355,0
DA:356,0
DA:360,0
DA:361,0
DA:362,0
DA:366,0
DA:367,0
DA:368,0
DA:372,0
DA:373,0
DA:374,0
DA:375,0
DA:379,0
DA:380,0
DA:388,0
DA:389,0
DA:397,0
DA:399,0
DA:401,0
DA:402,0
DA:403,0
DA:404,0
DA:405,0
DA:408,0
DA:409,0
DA:410,0
DA:412,0
DA:413,0
DA:414,0
DA:416,0
DA:417,0
DA:418,0
DA:420,0
DA:421,0
DA:422,0
DA:426,0
DA:427,0
DA:429,0
DA:430,0
DA:432,0
DA:446,0
DA:447,0
DA:449,0
DA:452,0
DA:453,0
DA:457,0
DA:461,0
DA:463,0
DA:467,0
DA:469,0
DA:470,0
DA:475,0
DA:476,0
DA:477,0
DA:478,0
DA:480,0
DA:481,0
DA:482,0
DA:483,0
DA:489,0
LF:216
LH:0
BRDA:88,0,0,0
BRDA:88,0,1,0
BRDA:134,1,0,0
BRDA:134,1,1,0
BRDA:148,2,0,0
BRDA:148,2,1,0
BRDA:158,3,0,0
BRDA:158,3,1,0
BRDA:173,4,0,0
BRDA:173,4,1,0
BRDA:193,5,0,0
BRDA:193,5,1,0
BRDA:207,6,0,0
BRDA:207,6,1,0
BRDA:210,7,0,0
BRDA:210,7,1,0
BRDA:211,8,0,0
BRDA:211,8,1,0
BRDA:213,9,0,0
BRDA:213,9,1,0
BRDA:213,9,2,0
BRDA:217,10,0,0
BRDA:217,11,0,0
BRDA:217,12,0,0
BRDA:225,13,0,0
BRDA:225,13,1,0
BRDA:251,14,0,0
BRDA:251,14,1,0
BRDA:269,15,0,0
BRDA:275,16,0,0
BRDA:275,16,1,0
BRDA:282,17,0,0
BRDA:282,17,1,0
BRDA:297,18,0,0
BRDA:334,19,0,0
BRDA:334,19,1,0
BRDA:340,20,0,0
BRDA:340,20,1,0
BRDA:341,21,0,0
BRDA:341,21,1,0
BRDA:341,22,0,0
BRDA:341,22,1,0
BRDA:342,23,0,0
BRDA:342,23,1,0
BRDA:342,24,0,0
BRDA:342,24,1,0
BRDA:406,25,0,0
BRDA:406,25,1,0
BRDA:412,26,0,0
BRDA:412,26,1,0
BRDA:416,27,0,0
BRDA:416,27,1,0
BRDA:420,28,0,0
BRDA:420,28,1,0
BRDA:446,29,0,0
BRDA:446,29,1,0
BRDA:476,30,0,0
BRDA:476,30,1,0
BRDA:476,31,0,0
BRDA:476,31,1,0
BRDA:482,32,0,0
BRDA:482,32,1,0
BRF:62
BRH:0
end_of_record
TN:
SF:js\storage.js
FN:3,(anonymous_0)
FN:24,(anonymous_1)
FN:31,(anonymous_2)
FN:35,(anonymous_3)
FN:40,(anonymous_4)
FN:44,(anonymous_5)
FN:54,(anonymous_6)
FN:67,(anonymous_7)
FN:77,(anonymous_8)
FN:88,(anonymous_9)
FN:94,(anonymous_10)
FN:100,(anonymous_11)
FN:110,(anonymous_12)
FN:118,(anonymous_13)
FN:122,(anonymous_14)
FN:127,(anonymous_15)
FN:160,(anonymous_16)
FN:189,(anonymous_17)
FN:230,(anonymous_18)
FN:232,(anonymous_19)
FN:239,(anonymous_20)
FN:252,(anonymous_21)
FN:270,(anonymous_22)
FN:277,(anonymous_23)
FN:279,(anonymous_24)
FNF:25
FNH:0
FNDA:0,(anonymous_0)
FNDA:0,(anonymous_1)
FNDA:0,(anonymous_2)
FNDA:0,(anonymous_3)
FNDA:0,(anonymous_4)
FNDA:0,(anonymous_5)
FNDA:0,(anonymous_6)
FNDA:0,(anonymous_7)
FNDA:0,(anonymous_8)
FNDA:0,(anonymous_9)
FNDA:0,(anonymous_10)
FNDA:0,(anonymous_11)
FNDA:0,(anonymous_12)
FNDA:0,(anonymous_13)
FNDA:0,(anonymous_14)
FNDA:0,(anonymous_15)
FNDA:0,(anonymous_16)
FNDA:0,(anonymous_17)
FNDA:0,(anonymous_18)
FNDA:0,(anonymous_19)
FNDA:0,(anonymous_20)
FNDA:0,(anonymous_21)
FNDA:0,(anonymous_22)
FNDA:0,(anonymous_23)
FNDA:0,(anonymous_24)
DA:4,0
DA:11,0
DA:18,0
DA:19,0
DA:20,0
DA:25,0
DA:26,0
DA:27,0
DA:28,0
DA:29,0
DA:31,0
DA:35,0
DA:37,0
DA:38,0
DA:40,0
DA:44,0
DA:48,0
DA:49,0
DA:50,0
DA:55,0
DA:56,0
DA:57,0
DA:58,0
DA:60,0
DA:61,0
DA:62,0
DA:68,0
DA:69,0
DA:70,0
DA:72,0
DA:73,0
DA:78,0
DA:79,0
DA:80,0
DA:82,0
DA:83,0
DA:89,0
DA:90,0
DA:91,0
DA:95,0
DA:96,0
DA:97,0
DA:101,0
DA:102,0
DA:103,0
DA:105,0
DA:107,0
DA:111,0
DA:112,0
DA:114,0
DA:119,0
DA:123,0
DA:128,0
DA:129,0
DA:130,0
DA:132,0
DA:133,0
DA:134,0
DA:137,0
DA:138,0
DA:140,0
DA:148,0
DA:149,0
DA:161,0
DA:162,0
DA:169,0
DA:170,0
DA:172,0
DA:173,0
DA:174,0
DA:175,0
DA:176,0
DA:177,0
DA:178,0
DA:179,0
DA:181,0
DA:183,0
DA:184,0
DA:190,0
DA:191,0
DA:192,0
DA:195,0
DA:196,0
DA:200,0
DA:205,0
DA:207,0
DA:208,0
DA:212,0
DA:213,0
DA:216,0
DA:219,0
DA:220,0
DA:221,0
DA:224,0
DA:225,0
DA:231,0
DA:232,0
DA:233,0
DA:236,0
DA:239,0
DA:240,0
DA:243,0
DA:245,0
DA:246,0
DA:247,0
DA:253,0
DA:254,0
DA:255,0
DA:256,0
DA:263,0
DA:266,0
DA:271,0
DA:272,0
DA:273,0
DA:274,0
DA:277,0
DA:279,0
DA:282,0
DA:283,0
DA:285,0
DA:286,0
DA:292,0
LF:122
LH:0
BRDA:28,0,0,0
BRDA:28,0,1,0
BRDA:34,1,0,0
BRDA:34,1,1,0
BRDA:35,2,0,0
BRDA:35,2,1,0
BRDA:37,3,0,0
BRDA:37,3,1,0
BRDA:43,4,0,0
BRDA:43,4,1,0
BRDA:44,5,0,0
BRDA:44,5,1,0
BRDA:70,6,0,0
BRDA:70,6,1,0
BRDA:103,7,0,0
BRDA:103,7,1,0
BRDA:119,8,0,0
BRDA:119,8,1,0
BRDA:132,9,0,0
BRDA:132,9,1,0
BRDA:133,10,0,0
BRDA:133,10,1,0
BRDA:195,11,0,0
BRDA:195,11,1,0
BRDA:195,12,0,0
BRDA:195,12,1,0
BRDA:207,13,0,0
BRDA:207,13,1,0
BRDA:212,14,0,0
BRDA:212,14,1,0
BRDA:253,15,0,0
BRDA:253,15,1,0
BRDA:253,16,0,0
BRDA:253,16,1,0
BRF:34
BRH:0
end_of_record
TN:
SF:js\translations.js
FN:3,(anonymous_0)
FN:490,(anonymous_1)
FN:503,(anonymous_2)
FN:516,(anonymous_3)
FN:517,(anonymous_4)
FN:523,(anonymous_5)
FN:548,(anonymous_6)
FN:558,(anonymous_7)
FNF:8
FNH:0
FNDA:0,(anonymous_0)
FNDA:0,(anonymous_1)
FNDA:0,(anonymous_2)
FNDA:0,(anonymous_3)
FNDA:0,(anonymous_4)
FNDA:0,(anonymous_5)
FNDA:0,(anonymous_6)
FNDA:0,(anonymous_7)
DA:4,0
DA:486,0
DA:487,0
DA:491,0
DA:492,0
DA:493,0
DA:494,0
DA:496,0
DA:497,0
DA:498,0
DA:499,0
DA:504,0
DA:505,0
DA:506,0
DA:507,0
DA:508,0
DA:510,0
DA:513,0
DA:517,0
DA:518,0
DA:519,0
DA:520,0
DA:523,0
DA:524,0
DA:525,0
DA:526,0
DA:529,0
DA:532,0
DA:533,0
DA:534,0
DA:535,0
DA:536,0
DA:548,0
DA:549,0
DA:550,0
DA:551,0
DA:552,0
DA:554,0
DA:559,0
DA:560,0
DA:561,0
DA:562,0
DA:566,0
LF:43
LH:0
BRDA:486,0,0,0
BRDA:486,0,1,0
BRDA:491,1,0,0
BRDA:491,1,1,0
BRDA:507,2,0,0
BRDA:507,2,1,0
BRDA:507,3,0,0
BRDA:507,3,1,0
BRDA:507,3,2,0
BRDA:519,4,0,0
BRDA:519,4,1,0
BRDA:525,5,0,0
BRDA:525,5,1,0
BRDA:533,6,0,0
BRDA:533,6,1,0
BRDA:551,7,0,0
BRDA:551,7,1,0
BRF:17
BRH:0
end_of_record
TN:
SF:js\ui.js
FN:3,(anonymous_0)
FN:13,(anonymous_1)
FN:15,(anonymous_2)
FN:19,(anonymous_3)
FN:23,(anonymous_4)
FN:28,(anonymous_5)
FN:29,(anonymous_6)
FN:37,(anonymous_7)
FN:45,(anonymous_8)
FN:53,(anonymous_9)
FN:61,(anonymous_10)
FN:62,(anonymous_11)
FN:69,(anonymous_12)
FN:78,(anonymous_13)
FN:89,(anonymous_14)
FN:106,(anonymous_15)
FN:108,(anonymous_16)
FN:114,(anonymous_17)
FN:151,(anonymous_18)
FN:188,(anonymous_19)
FN:193,(anonymous_20)
FN:198,(anonymous_21)
FN:203,(anonymous_22)
FN:224,(anonymous_23)
FN:229,(anonymous_24)
FN:243,(anonymous_25)
FN:306,(anonymous_26)
FN:320,(anonymous_27)
FN:346,(anonymous_28)
FN:384,(anonymous_29)
FN:415,(anonymous_30)
FN:420,(anonymous_31)
FN:430,(anonymous_32)
FN:451,(anonymous_33)
FN:456,(anonymous_34)
FN:470,(anonymous_35)
FN:484,(anonymous_36)
FN:489,(anonymous_37)
FN:503,(anonymous_38)
FN:506,(anonymous_39)
FN:507,(anonymous_40)
FN:508,(anonymous_41)
FN:517,(anonymous_42)
FN:531,(anonymous_43)
FN:533,(anonymous_44)
FN:539,(anonymous_45)
FN:549,(anonymous_46)
FNF:47
FNH:0
FNDA:0,(anonymous_0)
FNDA:0,(anonymous_1)
FNDA:0,(anonymous_2)
FNDA:0,(anonymous_3)
FNDA:0,(anonymous_4)
FNDA:0,(anonymous_5)
FNDA:0,(anonymous_6)
FNDA:0,(anonymous_7)
FNDA:0,(anonymous_8)
FNDA:0,(anonymous_9)
FNDA:0,(anonymous_10)
FNDA:0,(anonymous_11)
FNDA:0,(anonymous_12)
FNDA:0,(anonymous_13)
FNDA:0,(anonymous_14)
FNDA:0,(anonymous_15)
FNDA:0,(anonymous_16)
FNDA:0,(anonymous_17)
FNDA:0,(anonymous_18)
FNDA:0,(anonymous_19)
FNDA:0,(anonymous_20)
FNDA:0,(anonymous_21)
FNDA:0,(anonymous_22)
FNDA:0,(anonymous_23)
FNDA:0,(anonymous_24)
FNDA:0,(anonymous_25)
FNDA:0,(anonymous_26)
FNDA:0,(anonymous_27)
FNDA:0,(anonymous_28)
FNDA:0,(anonymous_29)
FNDA:0,(anonymous_30)
FNDA:0,(anonymous_31)
FNDA:0,(anonymous_32)
FNDA:0,(anonymous_33)
FNDA:0,(anonymous_34)
FNDA:0,(anonymous_35)
FNDA:0,(anonymous_36)
FNDA:0,(anonymous_37)
FNDA:0,(anonymous_38)
FNDA:0,(anonymous_39)
FNDA:0,(anonymous_40)
FNDA:0,(anonymous_41)
FNDA:0,(anonymous_42)
FNDA:0,(anonymous_43)
FNDA:0,(anonymous_44)
FNDA:0,(anonymous_45)
FNDA:0,(anonymous_46)
DA:4,0
DA:9,0
DA:12,0
DA:15,0
DA:16,0
DA:19,0
DA:20,0
DA:23,0
DA:24,0
DA:28,0
DA:29,0
DA:30,0
DA:31,0
DA:37,0
DA:38,0
DA:39,0
DA:46,0
DA:47,0
DA:48,0
DA:49,0
DA:54,0
DA:55,0
DA:56,0
DA:57,0
DA:62,0
DA:63,0
DA:65,0
DA:70,0
DA:71,0
DA:73,0
DA:79,0
DA:80,0
DA:82,0
DA:83,0
DA:84,0
DA:85,0
DA:86,0
DA:88,0
DA:89,0
DA:90,0
DA:91,0
DA:95,0
DA:99,0
DA:100,0
DA:103,0
DA:107,0
DA:108,0
DA:109,0
DA:115,0
DA:116,0
DA:118,0
DA:120,0
DA:151,0
DA:188,0
DA:189,0
DA:190,0
DA:193,0
DA:194,0
DA:195,0
DA:198,0
DA:199,0
DA:200,0
DA:203,0
DA:204,0
DA:205,0
DA:206,0
DA:207,0
DA:208,0
DA:209,0
DA:210,0
DA:212,0
DA:217,0
DA:218,0
DA:219,0
DA:220,0
DA:221,0
DA:224,0
DA:225,0
DA:226,0
DA:229,0
DA:230,0
DA:231,0
DA:235,0
DA:236,0
DA:239,0
DA:244,0
DA:246,0
DA:306,0
DA:320,0
DA:346,0
DA:385,0
DA:406,0
DA:407,0
DA:410,0
DA:411,0
DA:412,0
DA:415,0
DA:416,0
DA:420,0
DA:421,0
DA:422,0
DA:426,0
DA:431,0
DA:432,0
DA:434,0
DA:436,0
DA:448,0
DA:449,0
DA:451,0
DA:452,0
DA:455,0
DA:456,0
DA:457,0
DA:462,0
DA:463,0
DA:466,0
DA:471,0
DA:472,0
DA:474,0
DA:476,0
DA:481,0
DA:482,0
DA:484,0
DA:485,0
DA:488,0
DA:489,0
DA:490,0
DA:495,0
DA:496,0
DA:499,0
DA:504,0
DA:505,0
DA:506,0
DA:507,0
DA:508,0
DA:510,0
DA:511,0
DA:512,0
DA:513,0
DA:518,0
DA:519,0
DA:521,0
DA:522,0
DA:523,0
DA:525,0
DA:526,0
DA:532,0
DA:533,0
DA:534,0
DA:540,0
DA:541,0
DA:542,0
DA:546,0
DA:550,0
DA:551,0
DA:552,0
DA:558,0
LF:157
LH:0
BRDA:30,0,0,0
BRDA:30,0,1,0
BRDA:38,1,0,0
BRDA:38,1,1,0
BRDA:47,2,0,0
BRDA:47,2,1,0
BRDA:55,3,0,0
BRDA:55,3,1,0
BRDA:70,4,0,0
BRDA:70,4,1,0
BRDA:78,5,0,0
BRDA:78,6,0,0
BRDA:80,7,0,0
BRDA:80,7,1,0
BRDA:85,8,0,0
BRDA:85,8,1,0
BRDA:88,9,0,0
BRDA:88,9,1,0
BRDA:88,10,0,0
BRDA:88,10,1,0
BRDA:99,11,0,0
BRDA:99,11,1,0
BRDA:124,12,0,0
BRDA:124,12,1,0
BRDA:124,13,0,0
BRDA:124,13,1,0
BRDA:131,14,0,0
BRDA:131,14,1,0
BRDA:151,15,0,0
BRDA:151,15,1,0
BRDA:153,16,0,0
BRDA:153,16,1,0
BRDA:158,17,0,0
BRDA:158,17,1,0
BRDA:219,18,0,0
BRDA:219,18,1,0
BRDA:221,19,0,0
BRDA:221,19,1,0
BRDA:235,20,0,0
BRDA:235,20,1,0
BRDA:300,21,0,0
BRDA:300,21,1,0
BRDA:306,22,0,0
BRDA:306,22,1,0
BRDA:324,23,0,0
BRDA:324,23,1,0
BRDA:324,24,0,0
BRDA:324,24,1,0
BRDA:358,25,0,0
BRDA:358,25,1,0
BRDA:374,26,0,0
BRDA:374,26,1,0
BRDA:374,27,0,0
BRDA:374,27,1,0
BRDA:430,28,0,0
BRDA:430,29,0,0
BRDA:430,30,0,0
BRDA:430,31,0,0
BRDA:439,32,0,0
BRDA:439,32,1,0
BRDA:439,33,0,0
BRDA:439,33,1,0
BRDA:445,34,0,0
BRDA:445,34,1,0
BRDA:455,35,0,0
BRDA:455,35,1,0
BRDA:462,36,0,0
BRDA:462,36,1,0
BRDA:470,37,0,0
BRDA:470,38,0,0
BRDA:470,39,0,0
BRDA:478,40,0,0
BRDA:478,40,1,0
BRDA:488,41,0,0
BRDA:488,41,1,0
BRDA:495,42,0,0
BRDA:495,42,1,0
BRDA:507,43,0,0
BRDA:507,43,1,0
BRDA:521,44,0,0
BRDA:521,44,1,0
BRDA:531,45,0,0
BRDA:539,46,0,0
BRDA:551,47,0,0
BRDA:551,47,1,0
BRF:85
BRH:0
end_of_record
TN:
SF:js\utils.js
FN:4,(anonymous_0)
FN:9,(anonymous_1)
FN:16,(anonymous_2)
FN:18,executedFunction
FN:19,(anonymous_4)
FN:29,(anonymous_5)
FN:41,(anonymous_6)
FN:46,(anonymous_7)
FN:51,(anonymous_8)
FN:66,(anonymous_9)
FN:81,(anonymous_10)
FN:90,(anonymous_11)
FN:92,(anonymous_12)
FN:99,(anonymous_13)
FN:108,(anonymous_14)
FN:111,(anonymous_15)
FN:124,(anonymous_16)
FN:130,(anonymous_17)
FN:153,(anonymous_18)
FN:159,(anonymous_19)
FN:175,(anonymous_20)
FN:186,(anonymous_21)
FN:197,(anonymous_22)
FN:207,(anonymous_23)
FN:218,(anonymous_24)
FN:227,(anonymous_25)
FN:228,(anonymous_26)
FN:235,(anonymous_27)
FN:248,(anonymous_28)
FN:256,(anonymous_29)
FN:257,(anonymous_30)
FNF:31
FNH:0
FNDA:0,(anonymous_0)
FNDA:0,(anonymous_1)
FNDA:0,(anonymous_2)
FNDA:0,executedFunction
FNDA:0,(anonymous_4)
FNDA:0,(anonymous_5)
FNDA:0,(anonymous_6)
FNDA:0,(anonymous_7)
FNDA:0,(anonymous_8)
FNDA:0,(anonymous_9)
FNDA:0,(anonymous_10)
FNDA:0,(anonymous_11)
FNDA:0,(anonymous_12)
FNDA:0,(anonymous_13)
FNDA:0,(anonymous_14)
FNDA:0,(anonymous_15)
FNDA:0,(anonymous_16)
FNDA:0,(anonymous_17)
FNDA:0,(anonymous_18)
FNDA:0,(anonymous_19)
FNDA:0,(anonymous_20)
FNDA:0,(anonymous_21)
FNDA:0,(anonymous_22)
FNDA:0,(anonymous_23)
FNDA:0,(anonymous_24)
FNDA:0,(anonymous_25)
FNDA:0,(anonymous_26)
FNDA:0,(anonymous_27)
FNDA:0,(anonymous_28)
FNDA:0,(anonymous_29)
FNDA:0,(anonymous_30)
DA:5,0
DA:10,0
DA:11,0
DA:12,0
DA:18,0
DA:19,0
DA:20,0
DA:21,0
DA:23,0
DA:24,0
DA:30,0
DA:31,0
DA:32,0
DA:33,0
DA:35,0
DA:36,0
DA:37,0
DA:42,0
DA:47,0
DA:52,0
DA:53,0
DA:54,0
DA:57,0
DA:58,0
DA:60,0
DA:61,0
DA:67,0
DA:68,0
DA:69,0
DA:72,0
DA:73,0
DA:75,0
DA:76,0
DA:82,0
DA:83,0
DA:85,0
DA:86,0
DA:87,0
DA:88,0
DA:90,0
DA:91,0
DA:92,0
DA:93,0
DA:100,0
DA:101,0
DA:102,0
DA:103,0
DA:104,0
DA:109,0
DA:110,0
DA:111,0
DA:112,0
DA:113,0
DA:114,0
DA:115,0
DA:116,0
DA:119,0
DA:125,0
DA:126,0
DA:131,0
DA:149,0
DA:154,0
DA:155,0
DA:161,0
DA:164,0
DA:165,0
DA:166,0
DA:169,0
DA:171,0
DA:176,0
DA:177,0
DA:179,0
DA:187,0
DA:188,0
DA:198,0
DA:199,0
DA:200,0
DA:202,0
DA:203,0
DA:208,0
DA:209,0
DA:210,0
DA:212,0
DA:213,0
DA:219,0
DA:220,0
DA:221,0
DA:222,0
DA:223,0
DA:228,0
DA:229,0
DA:230,0
DA:231,0
DA:232,0
DA:235,0
DA:236,0
DA:237,0
DA:238,0
DA:239,0
DA:243,0
DA:248,0
DA:249,0
DA:250,0
DA:257,0
DA:258,0
DA:259,0
DA:260,0
DA:261,0
DA:262,0
DA:268,0
LF:110
LH:0
BRDA:35,0,0,0
BRDA:35,0,1,0
BRDA:36,1,0,0
BRDA:36,1,1,0
BRDA:53,2,0,0
BRDA:53,2,1,0
BRDA:58,3,0,0
BRDA:58,3,1,0
BRDA:68,4,0,0
BRDA:68,4,1,0
BRDA:73,5,0,0
BRDA:73,5,1,0
BRDA:81,6,0,0
BRDA:81,7,0,0
BRDA:83,8,0,0
BRDA:83,8,1,0
BRDA:100,9,0,0
BRDA:100,9,1,0
BRDA:109,10,0,0
BRDA:109,10,1,0
BRDA:109,11,0,0
BRDA:109,11,1,0
BRDA:110,12,0,0
BRDA:110,12,1,0
BRDA:111,13,0,0
BRDA:111,13,1,0
BRDA:112,14,0,0
BRDA:112,14,1,0
BRDA:115,15,0,0
BRDA:115,15,1,0
BRDA:154,16,0,0
BRDA:154,16,1,0
BRDA:171,17,0,0
BRDA:171,17,1,0
BRDA:175,18,0,0
BRDA:189,19,0,0
BRDA:189,19,1,0
BRDA:189,19,2,0
BRDA:189,19,3,0
BRDA:191,20,0,0
BRDA:191,20,1,0
BRDA:192,21,0,0
BRDA:192,21,1,0
BRDA:207,22,0,0
BRDA:210,23,0,0
BRDA:210,23,1,0
BRDA:227,24,0,0
BRDA:230,25,0,0
BRDA:230,25,1,0
BRDA:237,26,0,0
BRDA:237,26,1,0
BRF:51
BRH:0
end_of_record
